C:\USERS\ZAZ\DOCUMENTS\VISUAL STUDIO 2010\PROJECTS\BUS\TETRIS\DEBUG\TETRIS.EXE
C:\USERS\ZAZ\DOCUMENTS\VISUAL STUDIO 2010\PROJECTS\BUS\TETRIS\DEBUG\TETRIS.ILK
C:\USERS\ZAZ\DOCUMENTS\VISUAL STUDIO 2010\PROJECTS\BUS\TETRIS\DEBUG\TETRIS.PDB
C:\USERS\ZAZ\DOCUMENTS\VISUAL STUDIO 2010\PROJECTS\BUS\TETRIS\TETRIS\DEBUG\FIELD.OBJ
C:\USERS\ZAZ\DOCUMENTS\VISUAL STUDIO 2010\PROJECTS\BUS\TETRIS\TETRIS\DEBUG\FIGURE.OBJ
C:\USERS\ZAZ\DOCUMENTS\VISUAL STUDIO 2010\PROJECTS\BUS\TETRIS\TETRIS\DEBUG\HILL.OBJ
C:\USERS\ZAZ\DOCUMENTS\VISUAL STUDIO 2010\PROJECTS\BUS\TETRIS\TETRIS\DEBUG\INITFIGURESH.OBJ
C:\USERS\ZAZ\DOCUMENTS\VISUAL STUDIO 2010\PROJECTS\BUS\TETRIS\TETRIS\DEBUG\INITFIGURESV.OBJ
C:\USERS\ZAZ\DOCUMENTS\VISUAL STUDIO 2010\PROJECTS\BUS\TETRIS\TETRIS\DEBUG\MAIN.OBJ
C:\USERS\ZAZ\DOCUMENTS\VISUAL STUDIO 2010\PROJECTS\BUS\TETRIS\TETRIS\DEBUG\POINT.OBJ
C:\USERS\ZAZ\DOCUMENTS\VISUAL STUDIO 2010\PROJECTS\BUS\TETRIS\TETRIS\DEBUG\TETRIS.EXE.INTERMEDIATE.MANIFEST
C:\USERS\ZAZ\DOCUMENTS\VISUAL STUDIO 2010\PROJECTS\BUS\TETRIS\TETRIS\DEBUG\TETRIS.OBJ
C:\USERS\ZAZ\DOCUMENTS\VISUAL STUDIO 2010\PROJECTS\BUS\TETRIS\TETRIS\DEBUG\VC100.PDB
C:\USERS\ZAZ\DOCUMENTS\VISUAL STUDIO 2010\PROJECTS\TETRIS\DEBUG\TETRIS.EXE
C:\USERS\ZAZ\DOCUMENTS\VISUAL STUDIO 2010\PROJECTS\TETRIS\DEBUG\TETRIS.ILK
C:\USERS\ZAZ\DOCUMENTS\VISUAL STUDIO 2010\PROJECTS\TETRIS\DEBUG\TETRIS.PDB
C:\Users\zaz\Documents\Visual Studio 2010\Projects\tetris\tetris\Debug\cl.command.1.tlog
C:\Users\zaz\Documents\Visual Studio 2010\Projects\tetris\tetris\Debug\CL.read.1.tlog
C:\Users\zaz\Documents\Visual Studio 2010\Projects\tetris\tetris\Debug\CL.write.1.tlog
C:\USERS\ZAZ\DOCUMENTS\VISUAL STUDIO 2010\PROJECTS\TETRIS\TETRIS\DEBUG\FIELD.OBJ
C:\USERS\ZAZ\DOCUMENTS\VISUAL STUDIO 2010\PROJECTS\TETRIS\TETRIS\DEBUG\FIGURE.OBJ
C:\USERS\ZAZ\DOCUMENTS\VISUAL STUDIO 2010\PROJECTS\TETRIS\TETRIS\DEBUG\HILL.OBJ
C:\Users\zaz\Documents\Visual Studio 2010\Projects\tetris\tetris\Debug\InitFiguresH.obj
C:\USERS\ZAZ\DOCUMENTS\VISUAL STUDIO 2010\PROJECTS\TETRIS\TETRIS\DEBUG\INITFIGURESV.OBJ
C:\Users\zaz\Documents\Visual Studio 2010\Projects\tetris\tetris\Debug\link.command.1.tlog
C:\Users\zaz\Documents\Visual Studio 2010\Projects\tetris\tetris\Debug\link.read.1.tlog
C:\Users\zaz\Documents\Visual Studio 2010\Projects\tetris\tetris\Debug\link.write.1.tlog
C:\USERS\ZAZ\DOCUMENTS\VISUAL STUDIO 2010\PROJECTS\TETRIS\TETRIS\DEBUG\MAIN.OBJ
C:\Users\zaz\Documents\Visual Studio 2010\Projects\tetris\tetris\Debug\mt.command.1.tlog
C:\Users\zaz\Documents\Visual Studio 2010\Projects\tetris\tetris\Debug\mt.read.1.tlog
C:\Users\zaz\Documents\Visual Studio 2010\Projects\tetris\tetris\Debug\mt.write.1.tlog
C:\USERS\ZAZ\DOCUMENTS\VISUAL STUDIO 2010\PROJECTS\TETRIS\TETRIS\DEBUG\POINT.OBJ
C:\USERS\ZAZ\DOCUMENTS\VISUAL STUDIO 2010\PROJECTS\TETRIS\TETRIS\DEBUG\TETRIS.EXE.INTERMEDIATE.MANIFEST
C:\USERS\ZAZ\DOCUMENTS\VISUAL STUDIO 2010\PROJECTS\TETRIS\TETRIS\DEBUG\TETRIS.OBJ
C:\Users\zaz\Documents\Visual Studio 2010\Projects\tetris\tetris\Debug\vc100.idb
C:\USERS\ZAZ\DOCUMENTS\VISUAL STUDIO 2010\PROJECTS\TETRIS\TETRIS\DEBUG\VC100.PDB
