Build started 2/21/2013 11:43:37 AM.
Project "C:\Users\zaz\Documents\Visual Studio 2010\Projects\tetris\tetris\tetris.vcxproj" on node 2 (build target(s)).
InitializeBuildStatus:
  Touching "Debug\tetris.unsuccessfulbuild".
ClCompile:
  C:\Program Files (x86)\Microsoft Visual Studio 10.0\VC\bin\CL.exe /c /ZI /nologo /W3 /WX- /Od /Oy- /D _MBCS /Gm /EHsc /RTC1 /MDd /GS /fp:precise /Zc:wchar_t /Zc:forScope /Fo"Debug\\" /Fd"Debug\vc100.pdb" /Gd /TP /analyze- /errorReport:prompt Figure.cpp Hill.cpp
  Hill.cpp
  Figure.cpp
c:\users\zaz\documents\visual studio 2010\projects\tetris\tetris\figure.cpp(9): warning C4244: 'argument' : conversion from 'time_t' to 'unsigned int', possible loss of data
  Generating Code...
Link:
  C:\Program Files (x86)\Microsoft Visual Studio 10.0\VC\bin\link.exe /ERRORREPORT:PROMPT /OUT:"C:\Users\zaz\Documents\Visual Studio 2010\Projects\tetris\Debug\tetris.exe" /NOLOGO kernel32.lib user32.lib gdi32.lib winspool.lib comdlg32.lib advapi32.lib shell32.lib ole32.lib oleaut32.lib uuid.lib odbc32.lib odbccp32.lib /MANIFEST /ManifestFile:"Debug\tetris.exe.intermediate.manifest" /MANIFESTUAC:"level='asInvoker' uiAccess='false'" /DEBUG /PDB:"C:\Users\zaz\Documents\Visual Studio 2010\Projects\tetris\Debug\tetris.pdb" /TLBID:1 /DYNAMICBASE /NXCOMPAT /IMPLIB:"C:\Users\zaz\Documents\Visual Studio 2010\Projects\tetris\Debug\tetris.lib" /MACHINE:X86 Debug\Field.obj
  Debug\Figure.obj
  Debug\Hill.obj
  Debug\InitFiguresH.obj
  Debug\InitFiguresV.obj
  Debug\main.obj
  Debug\Point.obj
  Debug\Tetris.obj
  LINK : C:\Users\zaz\Documents\Visual Studio 2010\Projects\tetris\Debug\tetris.exe not found or not built by the last incremental link; performing full link
  tetris.vcxproj -> C:\Users\zaz\Documents\Visual Studio 2010\Projects\tetris\Debug\tetris.exe
Manifest:
  C:\Program Files (x86)\Microsoft SDKs\Windows\v7.0A\bin\mt.exe /nologo /verbose /outputresource:"C:\Users\zaz\Documents\Visual Studio 2010\Projects\tetris\Debug\tetris.exe;#1" /manifest Debug\tetris.exe.intermediate.manifest
FinalizeBuildStatus:
  Deleting file "Debug\tetris.unsuccessfulbuild".
  Touching "Debug\tetris.lastbuildstate".
Done Building Project "C:\Users\zaz\Documents\Visual Studio 2010\Projects\tetris\tetris\tetris.vcxproj" (build target(s)).

Build succeeded.

Time Elapsed 00:00:07.35
